<?xml version="1.0"?>
<testsuite name="PhantomJS 2.1.1 (Linux 0.0.0)" package="" timestamp="2018-12-03T17:18:02" id="0" hostname="laptop" tests="1" errors="0" failures="0" time="0.003">
  <properties>
    <property name="browser.fullName" value="Mozilla/5.0 (Unknown; Linux x86_64) AppleWebKit/538.1 (KHTML, like Gecko) PhantomJS/2.1.1 Safari/538.1"/>
  </properties>
  <testcase name="SessionService #IsLoggedIn should be false" time="0.003" classname="PhantomJS_2_1_1_(Linux_0_0_0).SessionService"/>
  <system-out>
    <![CDATA[PhantomJS 2.1.1 (Linux 0.0.0) LOG: 'Technician con!'

]]>
  </system-out>
  <system-err/>
</testsuite>